Error in line 9: 7 6 2 4 6 1 3 13 5 
Error in line 11: 6 12 11 3 11 7 3 
Error in line 13: 4 4 5 13 13 12 8 5 4 
Error in line 18: 6 6 
Error in line 19: 2 13 11 14 21 13 12 4 
Error in line 21: 6 15 19 4 5 13 5 
Error in line 23: 20 5 5 3 
Error in line 24: 10 10 13 18 
Error in line 25: 9 12 12 1 6 8 2 7 19 
Error in line 26: 15 8 2 3 10 22 16 7 
Error in line 30: 29 21 25 14 19 5 2 
Error in line 32: 16 16 4 19 12 8 19 5 19 18 
Error in line 33: 1 9 22 11 13 16 13 11 29 
Error in line 34: 4 8 12 14 24 10 28 4 17 
Error in line 37: 6 16 12 24 25 4 
Error in line 39: 21 30 9 24 7 13 8 30 22 
Error in line 41: 1 1 27 16 7 4 20 22 21 15 
Error in line 42: 19 1 12 5 23 
Error in line 43: 13 13 24 29 19 
Error in line 44: 18 19 2 13 10 2 
