Error in line 1: 1 1 1 1 1 1 1 
Error in line 2: 1 1 1 1 1 1 
Error in line 4: 1 1 1 1 1 1 1 1 1 
Error in line 5: 1 1 1 
Error in line 8: 2 7 5 2 5 2 
Error in line 9: 5 5 7 6 
Error in line 10: 4 5 6 4 3 5 3 
Error in line 12: 8 7 6 7 2 
Error in line 14: 6 6 1 1 4 4 1 
Error in line 16: 8 6 8 
Error in line 19: 8 7 8 
Error in line 25: 6 5 1 6 3 5 8 3 1 
Error in line 27: 2 2 
Error in line 30: 8 6 1 8 4 6 1 2 3 
Error in line 36: 21 8 10 8 3 18 5 4 7 
Error in line 40: 21 16 20 25 5 15 2 5 2 7 
Error in line 42: 19 3 20 30 23 
Error in line 43: 23 23 8 25 
Error in line 44: 17 21 2 8 23 21 21 11 
Error in line 45: 25 11 29 24 18 29 8 8 17 10 
Error in line 46: 30 30 17 19 22 24 13 21 
