Error in line 1: 1 1 
Error in line 2: 1 1 
Error in line 3: 1 
Error in line 5: 1 1 1 
Error in line 7: 1 1 1 1 1 
Error in line 10: 3 5 1 2 2 6 5 
Error in line 12: 5 3 5 5 1 
Error in line 14: 1 3 5 4 6 2 3 6 4 
Error in line 15: 5 3 5 1 6 3 
Error in line 22: 3 2 1 3 6 4 6 1 5 
Error in line 25: 6 2 3 4 1 5 3 1 5 
Error in line 27: 4 7 4 3 3 
Error in line 28: 7 5 4 2 5 
Error in line 30: 4 6 
Error in line 31: 6 7 6 6 3 3 5 
Error in line 32: 1 4 
Error in line 34: 1 7 
Error in line 35: 4 2 3 4 6 3 2 3 2 3 
Error in line 38: 6 5 4 1 4 6 2 2 8 
Error in line 39: 3 4 4 5 3 
